2025-04-10 10:28:53,201 [INFO] Activator:176 - 


2025-04-10 10:28:53,202 [INFO] Activator:177 - !SESSION log4j initialized
2025-04-10 10:28:55,263 [INFO] LogOutputStream:77 - [STDOUT_REDIRECT] 
2025-04-10 10:28:56,679 [INFO] ApplicationProperties:184 - Using Application install path: C:\ST\STM32CubeIDE_1.18.0\STM32CubeIDE\plugins\com.st.stm32cube.common.mx_6.14.0.202502271554
2025-04-10 10:28:56,691 [INFO] DbMcusXml:78 - Set database path to: C:\ST\STM32CubeIDE_1.18.0\STM32CubeIDE\plugins\com.st.stm32cube.common.mx_6.14.0.202502271554\\db\/mcu/
2025-04-10 10:28:56,691 [INFO] ApiDb:274 - Set plugin database path to: C:\ST\STM32CubeIDE_1.18.0\STM32CubeIDE\plugins\com.st.stm32cube.common.mx_6.14.0.202502271554\\db\/plugins/boardmanager/
2025-04-10 10:28:56,692 [WARN] ApiDb:259 - Overriding images path with different value:  => C:\ST\STM32CubeIDE_1.18.0\STM32CubeIDE\plugins\com.st.stm32cube.common.mx_6.14.0.202502271554\\db\/plugins/mcufinder/images/
2025-04-10 10:28:56,697 [INFO] ApiDb:250 - Set database path to: C:\Users\slava\.stmcufinder\plugins\mcufinder//mcu/
2025-04-10 10:28:56,697 [INFO] DbMcusAds:125 - Set database path to: C:\Users\slava\.stmcufinder\plugins\mcufinder//mcu/
2025-04-10 10:28:56,699 [INFO] CrossReferenceDbSqlite:203 - Set database path to: C:\Users\slava\.stmcufinder\plugins\mcufinder//mcu/cs/
2025-04-10 10:28:56,772 [INFO] RulesReader:64 - Compatibility file has been processed (301 Rules)
2025-04-10 10:28:56,844 [INFO] DbMcusXml:78 - Set database path to: C:\ST\STM32CubeIDE_1.18.0\STM32CubeIDE\plugins\com.st.stm32cube.common.mx_6.14.0.202502271554\\db\/mcu/
2025-04-10 10:28:56,844 [INFO] ApiDb:274 - Set plugin database path to: C:\ST\STM32CubeIDE_1.18.0\STM32CubeIDE\plugins\com.st.stm32cube.common.mx_6.14.0.202502271554\\db\/plugins/boardmanager/
2025-04-10 10:28:56,844 [INFO] ApiDb:261 - Set plugin images path to: C:\ST\STM32CubeIDE_1.18.0\STM32CubeIDE\plugins\com.st.stm32cube.common.mx_6.14.0.202502271554\\db\/plugins/mcufinder/images/
2025-04-10 10:28:56,845 [WARN] DbFile:41 - Overriding database path with different value: C:\Users\slava\.stmcufinder\plugins\mcufinder/ => C:\Users\slava\.stmcufinder\plugins\mcufinder
2025-04-10 10:28:56,845 [INFO] ApiDb:250 - Set database path to: C:\Users\slava\.stmcufinder\plugins\mcufinder//mcu/
2025-04-10 10:28:56,845 [WARN] DbFile:41 - Overriding database path with different value: C:\Users\slava\.stmcufinder\plugins\mcufinder/ => C:\Users\slava\.stmcufinder\plugins\mcufinder
2025-04-10 10:28:56,845 [INFO] DbMcusAds:125 - Set database path to: C:\Users\slava\.stmcufinder\plugins\mcufinder//mcu/
2025-04-10 10:28:56,845 [WARN] DbFile:41 - Overriding database path with different value: C:\Users\slava\.stmcufinder\plugins\mcufinder/ => C:\Users\slava\.stmcufinder\plugins\mcufinder
2025-04-10 10:28:56,845 [WARN] DbFile:41 - Overriding database path with different value: C:\Users\slava\.stmcufinder\plugins\mcufinder/ => C:\Users\slava\.stmcufinder\plugins\mcufinder
2025-04-10 10:28:56,845 [INFO] CrossReferenceDbSqlite:203 - Set database path to: C:\Users\slava\.stmcufinder\plugins\mcufinder//mcu/cs/
2025-04-10 10:28:56,899 [INFO] MainPanel:272 - HeapMemory: 268435456
2025-04-10 10:28:56,974 [INFO] DbMcusXml:78 - Set database path to: C:\ST\STM32CubeIDE_1.18.0\STM32CubeIDE\plugins\com.st.stm32cube.common.mx_6.14.0.202502271554\\db\/mcu/
2025-04-10 10:28:56,974 [INFO] ApiDb:274 - Set plugin database path to: C:\ST\STM32CubeIDE_1.18.0\STM32CubeIDE\plugins\com.st.stm32cube.common.mx_6.14.0.202502271554\\db\/plugins/boardmanager/
2025-04-10 10:28:56,974 [INFO] ApiDb:261 - Set plugin images path to: C:\ST\STM32CubeIDE_1.18.0\STM32CubeIDE\plugins\com.st.stm32cube.common.mx_6.14.0.202502271554\\db\/plugins/mcufinder/images/
2025-04-10 10:28:56,974 [WARN] DbFile:41 - Overriding database path with different value: C:\Users\slava\.stmcufinder\plugins\mcufinder/ => C:\Users\slava\.stmcufinder\plugins\mcufinder
2025-04-10 10:28:56,974 [INFO] ApiDb:250 - Set database path to: C:\Users\slava\.stmcufinder\plugins\mcufinder//mcu/
2025-04-10 10:28:56,974 [WARN] DbFile:41 - Overriding database path with different value: C:\Users\slava\.stmcufinder\plugins\mcufinder/ => C:\Users\slava\.stmcufinder\plugins\mcufinder
2025-04-10 10:28:56,975 [INFO] DbMcusAds:125 - Set database path to: C:\Users\slava\.stmcufinder\plugins\mcufinder//mcu/
2025-04-10 10:28:56,975 [WARN] DbFile:41 - Overriding database path with different value: C:\Users\slava\.stmcufinder\plugins\mcufinder/ => C:\Users\slava\.stmcufinder\plugins\mcufinder
2025-04-10 10:28:56,975 [WARN] DbFile:41 - Overriding database path with different value: C:\Users\slava\.stmcufinder\plugins\mcufinder/ => C:\Users\slava\.stmcufinder\plugins\mcufinder
2025-04-10 10:28:56,975 [INFO] CrossReferenceDbSqlite:203 - Set database path to: C:\Users\slava\.stmcufinder\plugins\mcufinder//mcu/cs/
2025-04-10 10:28:56,987 [INFO] ApplicationProperties:184 - Using Application install path: C:\ST\STM32CubeIDE_1.18.0\STM32CubeIDE\plugins\com.st.stm32cube.common.mx_6.14.0.202502271554
2025-04-10 10:28:56,989 [INFO] PluginManage:196 - Search for loadable plugins [exclusion list=, ]
2025-04-10 10:28:56,989 [INFO] PluginManage:310 - Check plugin analytics
2025-04-10 10:28:57,135 [INFO] AnalyticsPlugin:253 - Accepted Software Licenses: 
2025-04-10 10:28:57,135 [INFO] AnalyticsPlugin:255 - Accepted CMSIS Pack Licenses: 
2025-04-10 10:28:57,135 [INFO] AnalyticsPlugin:257 - Accepted Firmware Licenses: 
2025-04-10 10:28:57,139 [INFO] PluginManage:359 - Loaded plugin analytics (category:tool,tabindex:-1)
2025-04-10 10:28:57,139 [INFO] PluginManage:310 - Check plugin cadmodel
2025-04-10 10:28:57,145 [INFO] CADModel:105 - Init CAD model plugin
2025-04-10 10:28:57,145 [INFO] PluginManage:359 - Loaded plugin cadmodel (category:power,tabindex:5)
2025-04-10 10:28:57,146 [INFO] PluginManage:310 - Check plugin clock
2025-04-10 10:28:57,158 [INFO] PluginManage:359 - Loaded plugin clock (category:base,tabindex:2)
2025-04-10 10:28:57,158 [INFO] PluginManage:310 - Check plugin ddr
2025-04-10 10:28:57,163 [INFO] PluginManage:359 - Loaded plugin ddr (category:tool,tabindex:6)
2025-04-10 10:28:57,163 [INFO] PluginManage:310 - Check plugin filemanager
2025-04-10 10:28:57,279 [INFO] PluginManage:359 - Loaded plugin filemanager (category:base,tabindex:10)
2025-04-10 10:28:57,279 [INFO] PluginManage:310 - Check plugin ipmanager
2025-04-10 10:28:57,284 [INFO] PluginManage:359 - Loaded plugin ipmanager (category:base,tabindex:5)
2025-04-10 10:28:57,284 [INFO] PluginManage:310 - Check plugin lpbam
2025-04-10 10:28:57,290 [INFO] PluginManage:359 - Loaded plugin lpbam (category:base,tabindex:0)
2025-04-10 10:28:57,290 [INFO] PluginManage:310 - Check plugin memorymap
2025-04-10 10:28:57,300 [INFO] PluginManage:359 - Loaded plugin memorymap (category:base,tabindex:4)
2025-04-10 10:28:57,300 [INFO] PluginManage:310 - Check plugin pinoutandconfiguration
2025-04-10 10:28:57,306 [INFO] PluginManage:359 - Loaded plugin pinoutandconfiguration (category:base,tabindex:1)
2025-04-10 10:28:57,306 [INFO] PluginManage:310 - Check plugin pinoutconfig
2025-04-10 10:28:57,369 [WARN] SupportedApi:132 - Cannot load RTOS API schema: s4s-elt-must-match.1: The content of 'definitions' must match (annotation?, (simpleType | complexType)?, (unique | key | keyref)*)). A problem was found starting at: attribute.
2025-04-10 10:28:57,467 [INFO] PluginManage:359 - Loaded plugin pinoutconfig (category:base,tabindex:0)
2025-04-10 10:28:57,468 [INFO] PluginManage:310 - Check plugin power
2025-04-10 10:28:57,474 [INFO] PluginManage:359 - Loaded plugin power (category:power,tabindex:4)
2025-04-10 10:28:57,474 [INFO] PluginManage:310 - Check plugin projectmanager
2025-04-10 10:28:57,485 [INFO] PluginManage:359 - Loaded plugin projectmanager (category:projectmanager,tabindex:4)
2025-04-10 10:28:57,485 [INFO] PluginManage:310 - Check plugin rif
2025-04-10 10:28:57,490 [INFO] PluginManage:359 - Loaded plugin rif (category:base,tabindex:3)
2025-04-10 10:28:57,490 [INFO] PluginManage:310 - Check plugin thirdparty
2025-04-10 10:28:57,576 [INFO] PluginManage:359 - Loaded plugin thirdparty (category:base,tabindex:-1)
2025-04-10 10:28:57,576 [INFO] PluginManage:310 - Check plugin tools
2025-04-10 10:28:57,576 [WARN] IntegrityCheckThread:84 - waiting for thirdparty lock release [integrity check]
2025-04-10 10:28:57,576 [INFO] IntegrityCheckThread:86 - entering critical section [integrity check]
2025-04-10 10:28:57,577 [INFO] ThirdPartyUpdaterWithRetryManager:70 - Updater plugin not ready yet. [1/15]
2025-04-10 10:28:57,578 [INFO] PluginManage:359 - Loaded plugin tools (category:base,tabindex:7)
2025-04-10 10:28:57,578 [INFO] PluginManage:310 - Check plugin tutovideos
2025-04-10 10:28:57,706 [INFO] PluginManage:359 - Loaded plugin tutovideos (category:base,tabindex:-1)
2025-04-10 10:28:57,706 [INFO] PluginManage:310 - Check plugin updater
2025-04-10 10:28:57,721 [INFO] PluginManage:359 - Loaded plugin updater (category:base,tabindex:12)
2025-04-10 10:28:57,722 [INFO] PluginManage:310 - Check plugin userauth
2025-04-10 10:28:57,724 [INFO] UserAuth:118 - Init User Auth plugin
2025-04-10 10:28:57,725 [INFO] PluginManage:359 - Loaded plugin userauth (category:base,tabindex:14)
2025-04-10 10:28:57,725 [INFO] PluginManage:283 - PluginManage : Loaded plugins [18]
2025-04-10 10:28:57,870 [INFO] PinOutPanel:1589 - setPackage(No Configuration,No Configuration)
2025-04-10 10:28:57,930 [INFO] CADModel:165 - CPN selected for project level
2025-04-10 10:28:57,930 [INFO] CADModel:114 - Register for checkConnection events
2025-04-10 10:28:57,944 [INFO] IPUIPlugin:80 - create IPUIPlugin
2025-04-10 10:28:57,944 [INFO] PluginManager:220 - loadIPPluginJar : add adc
2025-04-10 10:28:57,946 [INFO] IPUIPlugin:80 - create IPUIPlugin
2025-04-10 10:28:57,946 [INFO] PluginManager:220 - loadIPPluginJar : add aes
2025-04-10 10:28:57,948 [INFO] IPUIPlugin:80 - create IPUIPlugin
2025-04-10 10:28:57,948 [INFO] PluginManager:220 - loadIPPluginJar : add can
2025-04-10 10:28:57,949 [INFO] IPUIPlugin:80 - create IPUIPlugin
2025-04-10 10:28:57,949 [INFO] PluginManager:220 - loadIPPluginJar : add comp
2025-04-10 10:28:57,951 [INFO] IPUIPlugin:80 - create IPUIPlugin
2025-04-10 10:28:57,951 [INFO] PluginManager:220 - loadIPPluginJar : add cryp
2025-04-10 10:28:57,954 [INFO] IPUIPlugin:80 - create IPUIPlugin
2025-04-10 10:28:57,954 [INFO] PluginManager:220 - loadIPPluginJar : add ddr_ctrl_phy
2025-04-10 10:28:57,955 [INFO] IPUIPlugin:80 - create IPUIPlugin
2025-04-10 10:28:57,956 [INFO] PluginManager:220 - loadIPPluginJar : add dfsdm
2025-04-10 10:28:57,959 [INFO] IPUIPlugin:80 - create IPUIPlugin
2025-04-10 10:28:57,959 [INFO] PluginManager:220 - loadIPPluginJar : add dma
2025-04-10 10:28:57,961 [INFO] IPUIPlugin:80 - create IPUIPlugin
2025-04-10 10:28:57,961 [INFO] PluginManager:220 - loadIPPluginJar : add dma3
2025-04-10 10:28:57,963 [INFO] IPUIPlugin:80 - create IPUIPlugin
2025-04-10 10:28:57,963 [INFO] PluginManager:220 - loadIPPluginJar : add extmemmanager
2025-04-10 10:28:57,964 [INFO] IPUIPlugin:80 - create IPUIPlugin
2025-04-10 10:28:57,964 [INFO] PluginManager:220 - loadIPPluginJar : add fatfs
2025-04-10 10:28:57,966 [INFO] IPUIPlugin:80 - create IPUIPlugin
2025-04-10 10:28:57,967 [INFO] PluginManager:220 - loadIPPluginJar : add fmc
2025-04-10 10:28:57,972 [INFO] IPUIPlugin:80 - create IPUIPlugin
2025-04-10 10:28:57,972 [INFO] PluginManager:220 - loadIPPluginJar : add freertos
2025-04-10 10:28:57,973 [INFO] IPUIPlugin:80 - create IPUIPlugin
2025-04-10 10:28:57,973 [INFO] PluginManager:220 - loadIPPluginJar : add genericplugin
2025-04-10 10:28:57,975 [INFO] IPUIPlugin:80 - create IPUIPlugin
2025-04-10 10:28:57,975 [INFO] PluginManager:220 - loadIPPluginJar : add gfxmmu
2025-04-10 10:28:57,977 [INFO] IPUIPlugin:80 - create IPUIPlugin
2025-04-10 10:28:57,977 [INFO] PluginManager:220 - loadIPPluginJar : add gic
2025-04-10 10:28:57,980 [INFO] IPUIPlugin:80 - create IPUIPlugin
2025-04-10 10:28:57,980 [INFO] PluginManager:220 - loadIPPluginJar : add gpio
2025-04-10 10:28:57,982 [INFO] IPUIPlugin:80 - create IPUIPlugin
2025-04-10 10:28:57,982 [INFO] PluginManager:220 - loadIPPluginJar : add gtzc
2025-04-10 10:28:57,983 [INFO] IPUIPlugin:80 - create IPUIPlugin
2025-04-10 10:28:57,983 [INFO] PluginManager:220 - loadIPPluginJar : add hash
2025-04-10 10:28:57,985 [INFO] IPUIPlugin:80 - create IPUIPlugin
2025-04-10 10:28:57,985 [INFO] PluginManager:220 - loadIPPluginJar : add i2c
2025-04-10 10:28:57,987 [INFO] IPUIPlugin:80 - create IPUIPlugin
2025-04-10 10:28:57,987 [INFO] PluginManager:220 - loadIPPluginJar : add i2s
2025-04-10 10:28:57,989 [INFO] IPUIPlugin:80 - create IPUIPlugin
2025-04-10 10:28:57,989 [INFO] PluginManager:220 - loadIPPluginJar : add i3c
2025-04-10 10:28:57,991 [INFO] IPUIPlugin:80 - create IPUIPlugin
2025-04-10 10:28:57,991 [INFO] PluginManager:220 - loadIPPluginJar : add ipddr
2025-04-10 10:28:57,996 [INFO] IPUIPlugin:80 - create IPUIPlugin
2025-04-10 10:28:57,996 [INFO] PluginManager:220 - loadIPPluginJar : add linkedlist
2025-04-10 10:28:57,997 [INFO] IPUIPlugin:80 - create IPUIPlugin
2025-04-10 10:28:57,998 [INFO] PluginManager:220 - loadIPPluginJar : add lorawan
2025-04-10 10:28:57,999 [INFO] IPUIPlugin:80 - create IPUIPlugin
2025-04-10 10:28:57,999 [INFO] PluginManager:220 - loadIPPluginJar : add ltdc
2025-04-10 10:28:58,002 [INFO] IPUIPlugin:80 - create IPUIPlugin
2025-04-10 10:28:58,002 [INFO] PluginManager:220 - loadIPPluginJar : add mdma
2025-04-10 10:28:58,003 [INFO] IPUIPlugin:80 - create IPUIPlugin
2025-04-10 10:28:58,003 [INFO] PluginManager:220 - loadIPPluginJar : add nvic
2025-04-10 10:28:58,005 [INFO] IPUIPlugin:80 - create IPUIPlugin
2025-04-10 10:28:58,005 [INFO] PluginManager:220 - loadIPPluginJar : add opamp
2025-04-10 10:28:58,007 [INFO] IPUIPlugin:80 - create IPUIPlugin
2025-04-10 10:28:58,007 [INFO] PluginManager:220 - loadIPPluginJar : add openamp
2025-04-10 10:28:58,009 [INFO] IPUIPlugin:80 - create IPUIPlugin
2025-04-10 10:28:58,009 [INFO] PluginManager:220 - loadIPPluginJar : add pdm2pcm
2025-04-10 10:28:58,013 [INFO] IPUIPlugin:80 - create IPUIPlugin
2025-04-10 10:28:58,015 [INFO] PluginManager:220 - loadIPPluginJar : add plateformsettings
2025-04-10 10:28:58,016 [INFO] IPUIPlugin:80 - create IPUIPlugin
2025-04-10 10:28:58,016 [INFO] PluginManager:220 - loadIPPluginJar : add quadspi
2025-04-10 10:28:58,017 [INFO] IPUIPlugin:80 - create IPUIPlugin
2025-04-10 10:28:58,017 [INFO] PluginManager:220 - loadIPPluginJar : add radio
2025-04-10 10:28:58,021 [INFO] IPUIPlugin:80 - create IPUIPlugin
2025-04-10 10:28:58,021 [INFO] PluginManager:220 - loadIPPluginJar : add resmgrutility
2025-04-10 10:28:58,024 [INFO] IPUIPlugin:80 - create IPUIPlugin
2025-04-10 10:28:58,024 [INFO] PluginManager:220 - loadIPPluginJar : add sai
2025-04-10 10:28:58,025 [INFO] IPUIPlugin:80 - create IPUIPlugin
2025-04-10 10:28:58,026 [INFO] PluginManager:220 - loadIPPluginJar : add spi
2025-04-10 10:28:58,029 [INFO] IPUIPlugin:80 - create IPUIPlugin
2025-04-10 10:28:58,029 [INFO] PluginManager:220 - loadIPPluginJar : add stm32_wpan
2025-04-10 10:28:58,030 [INFO] IPUIPlugin:80 - create IPUIPlugin
2025-04-10 10:28:58,030 [INFO] PluginManager:220 - loadIPPluginJar : add tim
2025-04-10 10:28:58,032 [INFO] IPUIPlugin:80 - create IPUIPlugin
2025-04-10 10:28:58,033 [INFO] PluginManager:220 - loadIPPluginJar : add touchsensing
2025-04-10 10:28:58,034 [INFO] IPUIPlugin:80 - create IPUIPlugin
2025-04-10 10:28:58,034 [INFO] PluginManager:220 - loadIPPluginJar : add tracer_emb
2025-04-10 10:28:58,035 [INFO] IPUIPlugin:80 - create IPUIPlugin
2025-04-10 10:28:58,035 [INFO] PluginManager:220 - loadIPPluginJar : add ts
2025-04-10 10:28:58,036 [INFO] IPUIPlugin:80 - create IPUIPlugin
2025-04-10 10:28:58,037 [INFO] PluginManager:220 - loadIPPluginJar : add tsc
2025-04-10 10:28:58,038 [INFO] IPUIPlugin:80 - create IPUIPlugin
2025-04-10 10:28:58,038 [INFO] PluginManager:220 - loadIPPluginJar : add ucpd
2025-04-10 10:28:58,040 [INFO] IPUIPlugin:80 - create IPUIPlugin
2025-04-10 10:28:58,040 [INFO] PluginManager:220 - loadIPPluginJar : add usart
2025-04-10 10:28:58,044 [INFO] IPUIPlugin:80 - create IPUIPlugin
2025-04-10 10:28:58,044 [INFO] PluginManager:220 - loadIPPluginJar : add usbx
2025-04-10 10:28:58,159 [FATAL] Updater:351 - Updater called before beeing initialized
2025-04-10 10:28:58,175 [INFO] RulesReader:64 - Compatibility file has been processed (301 Rules)
2025-04-10 10:28:58,183 [INFO] RulesReader:64 - Compatibility file has been processed (301 Rules)
2025-04-10 10:28:58,189 [INFO] CADModel:165 - CPN selected for project level
2025-04-10 10:28:58,189 [INFO] CADModel:114 - Register for checkConnection events
2025-04-10 10:28:58,189 [FATAL] Updater:351 - Updater called before beeing initialized
2025-04-10 10:28:58,189 [ERROR] CADModel:125 - Updater not yet initialized, retry later 
2025-04-10 10:28:58,314 [FATAL] Updater:351 - Updater called before beeing initialized
2025-04-10 10:28:58,315 [INFO] CADModel:165 - CPN selected for project level
2025-04-10 10:28:58,316 [INFO] CADModel:114 - Register for checkConnection events
2025-04-10 10:28:58,316 [FATAL] Updater:351 - Updater called before beeing initialized
2025-04-10 10:28:58,316 [ERROR] CADModel:125 - Updater not yet initialized, retry later 
2025-04-10 10:28:58,318 [FATAL] Updater:351 - Updater called before beeing initialized
2025-04-10 10:28:58,394 [FATAL] Updater:351 - Updater called before beeing initialized
2025-04-10 10:28:58,403 [INFO] DbMcusAds:53 - JSON generation date=Thu Sep 30 08:55:09 CEST 2021 (1632984909247)
2025-04-10 10:28:58,403 [FATAL] Updater:351 - Updater called before beeing initialized
2025-04-10 10:28:58,434 [WARN] DetailPanel:346 - Failed to get advertising image, set to default
2025-04-10 10:28:58,621 [FATAL] Updater:351 - Updater called before beeing initialized
2025-04-10 10:28:58,622 [FATAL] Updater:351 - Updater called before beeing initialized
2025-04-10 10:28:58,623 [FATAL] Updater:351 - Updater called before beeing initialized
2025-04-10 10:28:58,623 [WARN] DetailPanel:346 - Failed to get advertising image, set to default
2025-04-10 10:28:58,624 [FATAL] Updater:351 - Updater called before beeing initialized
2025-04-10 10:28:58,664 [ERROR] Updater:1198 - MainUpdater not yet initialized. External WinMGr cannot be set.
2025-04-10 10:28:58,665 [INFO] Updater:1134 - Updater Version found : 6.14.0
2025-04-10 10:28:58,679 [INFO] ApplicationProperties:184 - Using Application install path: C:\ST\STM32CubeIDE_1.18.0\STM32CubeIDE\plugins\com.st.stm32cube.common.mx_6.14.0.202502271554
2025-04-10 10:29:00,245 [ERROR] LogOutputStream:75 - [STDERR_REDIRECT] Apr 10, 2025 10:29:00 AM java.util.prefs.WindowsPreferences <init>
2025-04-10 10:29:00,246 [ERROR] LogOutputStream:75 - [STDERR_REDIRECT] WARNING: Could not open/create prefs root node Software\JavaSoft\Prefs at root 0xffffffff80000002. Windows RegCreateKeyEx(...) returned error code 5.
2025-04-10 10:29:00,246 [ERROR] LogOutputStream:75 - [STDERR_REDIRECT] 
2025-04-10 10:29:00,536 [INFO] MainUpdater:2872 - connection check result : 10
2025-04-10 10:29:00,536 [INFO] MainUpdater:3566 - Updater definition file requires update
2025-04-10 10:29:00,537 [INFO] MainUpdater:289 - Updater Check For Update Now.
2025-04-10 10:29:00,537 [INFO] MicroXplorer:498 - Change Database Version : DB.6.0.140
2025-04-10 10:29:00,541 [INFO] McuFinderGlobals:63 - Set McuFinder mode to 2 (CubeIDE integrated)
2025-04-10 10:29:00,541 [INFO] UserAuth:171 - activating auth plugin
2025-04-10 10:29:00,543 [INFO] UserAuth:486 - Internet connection configuration mode: 1
2025-04-10 10:29:00,555 [INFO] JxBrowserEngine:152 - Initiate JxBrowser Engine with user profile folder
2025-04-10 10:29:00,570 [INFO] ServerAccessManage:473 - Download File updaters.zip
2025-04-10 10:29:00,578 [WARN] MainUpdater:1193 - Updater busy. Cannot search thirdparties
2025-04-10 10:29:00,578 [INFO] ThirdPartyUpdaterWithRetryManager:96 - Updater plugin is busy. [1/15]
2025-04-10 10:29:00,653 [INFO] FileExtend:242 - Unzip File : updaters.zip
2025-04-10 10:29:00,654 [INFO] FileExtend:257 - Standard Zip Deflate
2025-04-10 10:29:00,868 [INFO] ServerAccessManage:473 - Download File PacksControlFlags.xml
2025-04-10 10:29:00,904 [INFO] ServerAccessManage:473 - Download File cubemx.pidx
2025-04-10 10:29:01,468 [INFO] ServerAccessManage:473 - Download File STMicroelectronics.X-CUBE-DPOWER.pdsc
2025-04-10 10:29:01,530 [INFO] WebApp:169 - Instantiating new browser for Auth
2025-04-10 10:29:01,741 [ERROR] AdobePublisher:162 - Exception while opening the connection: java.net.UnknownHostException: stmicroelectronics.d3.sc.omtrdc.net
2025-04-10 10:29:01,742 [ERROR] AdobePublisher:162 - Exception while opening the connection: java.net.UnknownHostException: stmicroelectronics.d3.sc.omtrdc.net
2025-04-10 10:29:01,742 [ERROR] AdobePublisher:162 - Exception while opening the connection: java.net.UnknownHostException: stmicroelectronics.d3.sc.omtrdc.net
2025-04-10 10:29:01,742 [ERROR] AdobePublisher:162 - Exception while opening the connection: java.net.UnknownHostException: stmicroelectronics.d3.sc.omtrdc.net
2025-04-10 10:29:01,742 [ERROR] AdobePublisher:162 - Exception while opening the connection: java.net.UnknownHostException: stmicroelectronics.d3.sc.omtrdc.net
2025-04-10 10:29:01,750 [ERROR] AdobePublisher:162 - Exception while opening the connection: java.net.UnknownHostException: stmicroelectronics.d3.sc.omtrdc.net
2025-04-10 10:29:01,750 [ERROR] AdobePublisher:162 - Exception while opening the connection: java.net.UnknownHostException: stmicroelectronics.d3.sc.omtrdc.net
2025-04-10 10:29:01,750 [ERROR] AdobePublisher:162 - Exception while opening the connection: java.net.UnknownHostException: stmicroelectronics.d3.sc.omtrdc.net
2025-04-10 10:29:01,750 [ERROR] AdobePublisher:162 - Exception while opening the connection: java.net.UnknownHostException: stmicroelectronics.d3.sc.omtrdc.net
2025-04-10 10:29:01,750 [ERROR] AdobePublisher:162 - Exception while opening the connection: java.net.UnknownHostException: stmicroelectronics.d3.sc.omtrdc.net
2025-04-10 10:29:01,762 [ERROR] ServerAccessManage:1089 - Problem, file not found on Server
2025-04-10 10:29:01,855 [ERROR] ServerAccessManage:1089 - Problem, file not found on Server
2025-04-10 10:29:01,950 [ERROR] ServerAccessManage:1089 - Problem, file not found on Server
2025-04-10 10:29:02,035 [ERROR] ServerAccessManage:1089 - Problem, file not found on Server
2025-04-10 10:29:02,190 [ERROR] ServerAccessManage:1089 - Problem, file not found on Server
2025-04-10 10:29:02,341 [ERROR] ServerAccessManage:1089 - Problem, file not found on Server
2025-04-10 10:29:02,423 [INFO] WebApp:463 - Apply proxy settings
2025-04-10 10:29:02,424 [INFO] WebApp:548 - Chromium requires no authentication
2025-04-10 10:29:02,466 [INFO] WebApp:491 - Direct internet connection detected
2025-04-10 10:29:02,467 [ERROR] ServerAccessManage:1089 - Problem, file not found on Server
2025-04-10 10:29:02,467 [ERROR] ExternalUserPreferencesManager:606 - Error while get path from external application: Cannot invoke "com.st.stm32cube.common.mx.MxActivator.getBundle()" because the return value of "com.st.stm32cube.common.mx.MxActivator.getDefault()" is null
2025-04-10 10:29:02,467 [ERROR] ExternalUserPreferencesManager:336 - Error while get preference info from external application: Cannot invoke "com.st.stm32cube.common.mx.MxActivator.getBundle()" because the return value of "com.st.stm32cube.common.mx.MxActivator.getDefault()" is null
2025-04-10 10:29:02,467 [ERROR] ExternalUserPreferencesManager:560 - Error while get preference info from external application: Cannot invoke "com.st.stm32cube.common.mx.MxActivator.getBundle()" because the return value of "com.st.stm32cube.common.mx.MxActivator.getDefault()" is null
2025-04-10 10:29:02,487 [ERROR] ExternalUserPreferencesManager:560 - Error while get preference info from external application: Cannot invoke "com.st.stm32cube.common.mx.MxActivator.getBundle()" because the return value of "com.st.stm32cube.common.mx.MxActivator.getDefault()" is null
2025-04-10 10:29:02,496 [INFO] WebApp:894 - Register for checkConnection events
2025-04-10 10:29:02,497 [INFO] WebApp:463 - Apply proxy settings
2025-04-10 10:29:02,497 [INFO] WebApp:548 - Chromium requires no authentication
2025-04-10 10:29:02,497 [INFO] WebApp:491 - Direct internet connection detected
2025-04-10 10:29:02,565 [ERROR] ServerAccessManage:1089 - Problem, file not found on Server
2025-04-10 10:29:02,566 [ERROR] ExternalUserPreferencesManager:560 - Error while get preference info from external application: Cannot invoke "com.st.stm32cube.common.mx.MxActivator.getBundle()" because the return value of "com.st.stm32cube.common.mx.MxActivator.getDefault()" is null
2025-04-10 10:29:02,580 [ERROR] ExternalUserPreferencesManager:560 - Error while get preference info from external application: Cannot invoke "com.st.stm32cube.common.mx.MxActivator.getBundle()" because the return value of "com.st.stm32cube.common.mx.MxActivator.getDefault()" is null
2025-04-10 10:29:02,652 [INFO] WebApp:191 - Connection restablished
2025-04-10 10:29:02,709 [INFO] WebApp:225 - Starting web application
2025-04-10 10:29:02,709 [INFO] WebApp:593 - Web application path used C:\ST\STM32CubeIDE_1.18.0\STM32CubeIDE\plugins\com.st.stm32cube.common.mx_6.14.0.202502271554\db\plugins\mcufinder\reactClient1\index.html
2025-04-10 10:29:02,720 [ERROR] ServerAccessManage:1089 - Problem, file not found on Server
2025-04-10 10:29:02,721 [ERROR] ExternalUserPreferencesManager:560 - Error while get preference info from external application: Cannot invoke "com.st.stm32cube.common.mx.MxActivator.getBundle()" because the return value of "com.st.stm32cube.common.mx.MxActivator.getDefault()" is null
2025-04-10 10:29:02,732 [ERROR] ExternalUserPreferencesManager:560 - Error while get preference info from external application: Cannot invoke "com.st.stm32cube.common.mx.MxActivator.getBundle()" because the return value of "com.st.stm32cube.common.mx.MxActivator.getDefault()" is null
2025-04-10 10:29:02,772 [ERROR] LogOutputStream:75 - [STDERR_REDIRECT] 
2025-04-10 10:29:16,306 [INFO] Activator:176 - 


2025-04-10 10:29:16,307 [INFO] Activator:177 - !SESSION log4j initialized
2025-04-10 10:29:19,126 [INFO] LogOutputStream:77 - [STDOUT_REDIRECT] 
